{"/Users/mikitausaty/Desktop/Simple-CRUD-API/index.js": {"path":"/Users/mikitausaty/Desktop/Simple-CRUD-API/index.js","statementMap":{"0":{"start":{"line":1,"column":0},"end":{"line":1,"column":26}},"1":{"start":{"line":2,"column":13},"end":{"line":2,"column":28}},"2":{"start":{"line":3,"column":13},"end":{"line":3,"column":37}},"3":{"start":{"line":4,"column":20},"end":{"line":4,"column":48}},"4":{"start":{"line":6,"column":81},"end":{"line":6,"column":108}},"5":{"start":{"line":7,"column":23},"end":{"line":7,"column":45}},"6":{"start":{"line":9,"column":15},"end":{"line":95,"column":2}},"7":{"start":{"line":11,"column":2},"end":{"line":94,"column":3}},"8":{"start":{"line":12,"column":20},"end":{"line":12,"column":40}},"9":{"start":{"line":13,"column":4},"end":{"line":13,"column":73}},"10":{"start":{"line":14,"column":4},"end":{"line":14,"column":36}},"11":{"start":{"line":18,"column":7},"end":{"line":94,"column":3}},"12":{"start":{"line":19,"column":4},"end":{"line":33,"column":5}},"13":{"start":{"line":20,"column":17},"end":{"line":20,"column":38}},"14":{"start":{"line":21,"column":23},"end":{"line":21,"column":112}},"15":{"start":{"line":22,"column":6},"end":{"line":25,"column":7}},"16":{"start":{"line":23,"column":8},"end":{"line":23,"column":85}},"17":{"start":{"line":24,"column":8},"end":{"line":24,"column":69}},"18":{"start":{"line":26,"column":21},"end":{"line":26,"column":40}},"19":{"start":{"line":27,"column":6},"end":{"line":27,"column":75}},"20":{"start":{"line":28,"column":6},"end":{"line":28,"column":37}},"21":{"start":{"line":30,"column":6},"end":{"line":30,"column":24}},"22":{"start":{"line":31,"column":6},"end":{"line":31,"column":81}},"23":{"start":{"line":32,"column":6},"end":{"line":32,"column":49}},"24":{"start":{"line":37,"column":7},"end":{"line":94,"column":3}},"25":{"start":{"line":38,"column":4},"end":{"line":50,"column":5}},"26":{"start":{"line":40,"column":24},"end":{"line":40,"column":45}},"27":{"start":{"line":42,"column":19},"end":{"line":42,"column":65}},"28":{"start":{"line":44,"column":6},"end":{"line":44,"column":80}},"29":{"start":{"line":46,"column":6},"end":{"line":46,"column":37}},"30":{"start":{"line":48,"column":6},"end":{"line":48,"column":83}},"31":{"start":{"line":49,"column":6},"end":{"line":49,"column":49}},"32":{"start":{"line":52,"column":7},"end":{"line":94,"column":3}},"33":{"start":{"line":53,"column":4},"end":{"line":72,"column":5}},"34":{"start":{"line":54,"column":17},"end":{"line":54,"column":38}},"35":{"start":{"line":56,"column":23},"end":{"line":56,"column":112}},"36":{"start":{"line":57,"column":6},"end":{"line":60,"column":7}},"37":{"start":{"line":58,"column":8},"end":{"line":58,"column":85}},"38":{"start":{"line":59,"column":8},"end":{"line":59,"column":69}},"39":{"start":{"line":61,"column":17},"end":{"line":61,"column":38}},"40":{"start":{"line":62,"column":27},"end":{"line":62,"column":55}},"41":{"start":{"line":64,"column":6},"end":{"line":64,"column":75}},"42":{"start":{"line":66,"column":6},"end":{"line":66,"column":45}},"43":{"start":{"line":69,"column":6},"end":{"line":69,"column":81}},"44":{"start":{"line":71,"column":6},"end":{"line":71,"column":49}},"45":{"start":{"line":76,"column":7},"end":{"line":94,"column":3}},"46":{"start":{"line":77,"column":4},"end":{"line":90,"column":5}},"47":{"start":{"line":78,"column":17},"end":{"line":78,"column":38}},"48":{"start":{"line":79,"column":23},"end":{"line":79,"column":112}},"49":{"start":{"line":80,"column":6},"end":{"line":83,"column":7}},"50":{"start":{"line":81,"column":8},"end":{"line":81,"column":85}},"51":{"start":{"line":82,"column":8},"end":{"line":82,"column":69}},"52":{"start":{"line":84,"column":20},"end":{"line":84,"column":42}},"53":{"start":{"line":85,"column":6},"end":{"line":85,"column":82}},"54":{"start":{"line":86,"column":6},"end":{"line":86,"column":42}},"55":{"start":{"line":88,"column":6},"end":{"line":88,"column":81}},"56":{"start":{"line":89,"column":6},"end":{"line":89,"column":49}},"57":{"start":{"line":92,"column":4},"end":{"line":92,"column":80}},"58":{"start":{"line":93,"column":4},"end":{"line":93,"column":59}},"59":{"start":{"line":97,"column":14},"end":{"line":103,"column":1}},"60":{"start":{"line":98,"column":2},"end":{"line":102,"column":3}},"61":{"start":{"line":99,"column":4},"end":{"line":99,"column":76}},"62":{"start":{"line":99,"column":30},"end":{"line":99,"column":75}},"63":{"start":{"line":101,"column":4},"end":{"line":101,"column":22}},"64":{"start":{"line":105,"column":0},"end":{"line":105,"column":7}},"65":{"start":{"line":107,"column":0},"end":{"line":107,"column":23}}},"fnMap":{"0":{"name":"(anonymous_0)","decl":{"start":{"line":9,"column":33},"end":{"line":9,"column":34}},"loc":{"start":{"line":9,"column":53},"end":{"line":95,"column":1}},"line":9},"1":{"name":"(anonymous_1)","decl":{"start":{"line":97,"column":14},"end":{"line":97,"column":15}},"loc":{"start":{"line":97,"column":26},"end":{"line":103,"column":1}},"line":97},"2":{"name":"(anonymous_2)","decl":{"start":{"line":99,"column":24},"end":{"line":99,"column":25}},"loc":{"start":{"line":99,"column":30},"end":{"line":99,"column":75}},"line":99}},"branchMap":{"0":{"loc":{"start":{"line":3,"column":13},"end":{"line":3,"column":37}},"type":"binary-expr","locations":[{"start":{"line":3,"column":13},"end":{"line":3,"column":29}},{"start":{"line":3,"column":33},"end":{"line":3,"column":37}}],"line":3},"1":{"loc":{"start":{"line":11,"column":2},"end":{"line":94,"column":3}},"type":"if","locations":[{"start":{"line":11,"column":2},"end":{"line":94,"column":3}},{"start":{"line":18,"column":7},"end":{"line":94,"column":3}}],"line":11},"2":{"loc":{"start":{"line":11,"column":6},"end":{"line":11,"column":51}},"type":"binary-expr","locations":[{"start":{"line":11,"column":6},"end":{"line":11,"column":27}},{"start":{"line":11,"column":31},"end":{"line":11,"column":51}}],"line":11},"3":{"loc":{"start":{"line":18,"column":7},"end":{"line":94,"column":3}},"type":"if","locations":[{"start":{"line":18,"column":7},"end":{"line":94,"column":3}},{"start":{"line":37,"column":7},"end":{"line":94,"column":3}}],"line":18},"4":{"loc":{"start":{"line":18,"column":11},"end":{"line":18,"column":70}},"type":"binary-expr","locations":[{"start":{"line":18,"column":11},"end":{"line":18,"column":46}},{"start":{"line":18,"column":50},"end":{"line":18,"column":70}}],"line":18},"5":{"loc":{"start":{"line":22,"column":6},"end":{"line":25,"column":7}},"type":"if","locations":[{"start":{"line":22,"column":6},"end":{"line":25,"column":7}},{"start":{},"end":{}}],"line":22},"6":{"loc":{"start":{"line":37,"column":7},"end":{"line":94,"column":3}},"type":"if","locations":[{"start":{"line":37,"column":7},"end":{"line":94,"column":3}},{"start":{"line":52,"column":7},"end":{"line":94,"column":3}}],"line":37},"7":{"loc":{"start":{"line":37,"column":11},"end":{"line":37,"column":57}},"type":"binary-expr","locations":[{"start":{"line":37,"column":11},"end":{"line":37,"column":32}},{"start":{"line":37,"column":36},"end":{"line":37,"column":57}}],"line":37},"8":{"loc":{"start":{"line":52,"column":7},"end":{"line":94,"column":3}},"type":"if","locations":[{"start":{"line":52,"column":7},"end":{"line":94,"column":3}},{"start":{"line":76,"column":7},"end":{"line":94,"column":3}}],"line":52},"9":{"loc":{"start":{"line":52,"column":11},"end":{"line":52,"column":70}},"type":"binary-expr","locations":[{"start":{"line":52,"column":11},"end":{"line":52,"column":46}},{"start":{"line":52,"column":50},"end":{"line":52,"column":70}}],"line":52},"10":{"loc":{"start":{"line":57,"column":6},"end":{"line":60,"column":7}},"type":"if","locations":[{"start":{"line":57,"column":6},"end":{"line":60,"column":7}},{"start":{},"end":{}}],"line":57},"11":{"loc":{"start":{"line":76,"column":7},"end":{"line":94,"column":3}},"type":"if","locations":[{"start":{"line":76,"column":7},"end":{"line":94,"column":3}},{"start":{"line":91,"column":9},"end":{"line":94,"column":3}}],"line":76},"12":{"loc":{"start":{"line":76,"column":11},"end":{"line":76,"column":73}},"type":"binary-expr","locations":[{"start":{"line":76,"column":11},"end":{"line":76,"column":46}},{"start":{"line":76,"column":50},"end":{"line":76,"column":73}}],"line":76},"13":{"loc":{"start":{"line":80,"column":6},"end":{"line":83,"column":7}},"type":"if","locations":[{"start":{"line":80,"column":6},"end":{"line":83,"column":7}},{"start":{},"end":{}}],"line":80}},"s":{"0":1,"1":1,"2":1,"3":1,"4":1,"5":1,"6":1,"7":1,"8":1,"9":1,"10":1,"11":0,"12":0,"13":0,"14":0,"15":0,"16":0,"17":0,"18":0,"19":0,"20":0,"21":0,"22":0,"23":0,"24":0,"25":0,"26":0,"27":0,"28":0,"29":0,"30":0,"31":0,"32":0,"33":0,"34":0,"35":0,"36":0,"37":0,"38":0,"39":0,"40":0,"41":0,"42":0,"43":0,"44":0,"45":0,"46":0,"47":0,"48":0,"49":0,"50":0,"51":0,"52":0,"53":0,"54":0,"55":0,"56":0,"57":0,"58":0,"59":1,"60":1,"61":1,"62":1,"63":0,"64":1,"65":1},"f":{"0":1,"1":1,"2":1},"b":{"0":[1,0],"1":[1,0],"2":[1,1],"3":[0,0],"4":[0,0],"5":[0,0],"6":[0,0],"7":[0,0],"8":[0,0],"9":[0,0],"10":[0,0],"11":[0,0],"12":[0,0],"13":[0,0]},"_coverageSchema":"1a1c01bbd47fc00a2c39e90264f33305004495a9","hash":"70bc58bc65fe4337623e64a6207ab64776f8f3dc"}
,"/Users/mikitausaty/Desktop/Simple-CRUD-API/src/controller.js": {"path":"/Users/mikitausaty/Desktop/Simple-CRUD-API/src/controller.js","statementMap":{"0":{"start":{"line":1,"column":13},"end":{"line":1,"column":30}},"1":{"start":{"line":2,"column":23},"end":{"line":2,"column":38}},"2":{"start":{"line":6,"column":2},"end":{"line":6,"column":51}},"3":{"start":{"line":6,"column":37},"end":{"line":6,"column":50}},"4":{"start":{"line":11,"column":2},"end":{"line":18,"column":4}},"5":{"start":{"line":12,"column":17},"end":{"line":12,"column":56}},"6":{"start":{"line":12,"column":39},"end":{"line":12,"column":55}},"7":{"start":{"line":13,"column":4},"end":{"line":17,"column":5}},"8":{"start":{"line":14,"column":6},"end":{"line":14,"column":21}},"9":{"start":{"line":16,"column":6},"end":{"line":16,"column":51}},"10":{"start":{"line":23,"column":2},"end":{"line":37,"column":4}},"11":{"start":{"line":24,"column":27},"end":{"line":24,"column":53}},"12":{"start":{"line":25,"column":20},"end":{"line":28,"column":5}},"13":{"start":{"line":29,"column":4},"end":{"line":34,"column":5}},"14":{"start":{"line":29,"column":17},"end":{"line":29,"column":18}},"15":{"start":{"line":30,"column":21},"end":{"line":30,"column":43}},"16":{"start":{"line":31,"column":6},"end":{"line":33,"column":7}},"17":{"start":{"line":32,"column":8},"end":{"line":32,"column":86}},"18":{"start":{"line":35,"column":4},"end":{"line":35,"column":24}},"19":{"start":{"line":36,"column":4},"end":{"line":36,"column":22}},"20":{"start":{"line":42,"column":2},"end":{"line":53,"column":4}},"21":{"start":{"line":43,"column":17},"end":{"line":43,"column":56}},"22":{"start":{"line":43,"column":39},"end":{"line":43,"column":55}},"23":{"start":{"line":45,"column":4},"end":{"line":47,"column":5}},"24":{"start":{"line":46,"column":6},"end":{"line":46,"column":45}},"25":{"start":{"line":49,"column":24},"end":{"line":49,"column":40}},"26":{"start":{"line":50,"column":4},"end":{"line":50,"column":28}},"27":{"start":{"line":52,"column":4},"end":{"line":52,"column":26}},"28":{"start":{"line":58,"column":2},"end":{"line":67,"column":4}},"29":{"start":{"line":59,"column":17},"end":{"line":59,"column":56}},"30":{"start":{"line":59,"column":39},"end":{"line":59,"column":55}},"31":{"start":{"line":60,"column":4},"end":{"line":62,"column":5}},"32":{"start":{"line":61,"column":6},"end":{"line":61,"column":50}},"33":{"start":{"line":64,"column":4},"end":{"line":64,"column":52}},"34":{"start":{"line":66,"column":4},"end":{"line":66,"column":40}},"35":{"start":{"line":70,"column":0},"end":{"line":70,"column":89}}},"fnMap":{"0":{"name":"getAllPerson","decl":{"start":{"line":5,"column":15},"end":{"line":5,"column":27}},"loc":{"start":{"line":5,"column":30},"end":{"line":7,"column":1}},"line":5},"1":{"name":"(anonymous_1)","decl":{"start":{"line":6,"column":21},"end":{"line":6,"column":22}},"loc":{"start":{"line":6,"column":37},"end":{"line":6,"column":50}},"line":6},"2":{"name":"getPerson","decl":{"start":{"line":10,"column":15},"end":{"line":10,"column":24}},"loc":{"start":{"line":10,"column":29},"end":{"line":19,"column":1}},"line":10},"3":{"name":"(anonymous_3)","decl":{"start":{"line":11,"column":21},"end":{"line":11,"column":22}},"loc":{"start":{"line":11,"column":42},"end":{"line":18,"column":3}},"line":11},"4":{"name":"(anonymous_4)","decl":{"start":{"line":12,"column":27},"end":{"line":12,"column":28}},"loc":{"start":{"line":12,"column":39},"end":{"line":12,"column":55}},"line":12},"5":{"name":"createNewPerson","decl":{"start":{"line":22,"column":15},"end":{"line":22,"column":30}},"loc":{"start":{"line":22,"column":39},"end":{"line":38,"column":1}},"line":22},"6":{"name":"(anonymous_6)","decl":{"start":{"line":23,"column":21},"end":{"line":23,"column":22}},"loc":{"start":{"line":23,"column":42},"end":{"line":37,"column":3}},"line":23},"7":{"name":"updatePerson","decl":{"start":{"line":41,"column":15},"end":{"line":41,"column":27}},"loc":{"start":{"line":41,"column":38},"end":{"line":54,"column":1}},"line":41},"8":{"name":"(anonymous_8)","decl":{"start":{"line":42,"column":21},"end":{"line":42,"column":22}},"loc":{"start":{"line":42,"column":42},"end":{"line":53,"column":3}},"line":42},"9":{"name":"(anonymous_9)","decl":{"start":{"line":43,"column":27},"end":{"line":43,"column":28}},"loc":{"start":{"line":43,"column":39},"end":{"line":43,"column":55}},"line":43},"10":{"name":"deletePerson","decl":{"start":{"line":57,"column":15},"end":{"line":57,"column":27}},"loc":{"start":{"line":57,"column":32},"end":{"line":68,"column":1}},"line":57},"11":{"name":"(anonymous_11)","decl":{"start":{"line":58,"column":21},"end":{"line":58,"column":22}},"loc":{"start":{"line":58,"column":42},"end":{"line":67,"column":3}},"line":58},"12":{"name":"(anonymous_12)","decl":{"start":{"line":59,"column":27},"end":{"line":59,"column":28}},"loc":{"start":{"line":59,"column":39},"end":{"line":59,"column":55}},"line":59}},"branchMap":{"0":{"loc":{"start":{"line":13,"column":4},"end":{"line":17,"column":5}},"type":"if","locations":[{"start":{"line":13,"column":4},"end":{"line":17,"column":5}},{"start":{"line":15,"column":11},"end":{"line":17,"column":5}}],"line":13},"1":{"loc":{"start":{"line":31,"column":6},"end":{"line":33,"column":7}},"type":"if","locations":[{"start":{"line":31,"column":6},"end":{"line":33,"column":7}},{"start":{},"end":{}}],"line":31},"2":{"loc":{"start":{"line":45,"column":4},"end":{"line":47,"column":5}},"type":"if","locations":[{"start":{"line":45,"column":4},"end":{"line":47,"column":5}},{"start":{},"end":{}}],"line":45},"3":{"loc":{"start":{"line":60,"column":4},"end":{"line":62,"column":5}},"type":"if","locations":[{"start":{"line":60,"column":4},"end":{"line":62,"column":5}},{"start":{},"end":{}}],"line":60}},"s":{"0":1,"1":1,"2":1,"3":1,"4":0,"5":0,"6":0,"7":0,"8":0,"9":0,"10":0,"11":0,"12":0,"13":0,"14":0,"15":0,"16":0,"17":0,"18":0,"19":0,"20":0,"21":0,"22":0,"23":0,"24":0,"25":0,"26":0,"27":0,"28":0,"29":0,"30":0,"31":0,"32":0,"33":0,"34":0,"35":1},"f":{"0":1,"1":1,"2":0,"3":0,"4":0,"5":0,"6":0,"7":0,"8":0,"9":0,"10":0,"11":0,"12":0},"b":{"0":[0,0],"1":[0,0],"2":[0,0],"3":[0,0]},"_coverageSchema":"1a1c01bbd47fc00a2c39e90264f33305004495a9","hash":"52f0f5889e9ab9f84bd49d3b7bbe39f8f32dcb55"}
,"/Users/mikitausaty/Desktop/Simple-CRUD-API/src/data.js": {"path":"/Users/mikitausaty/Desktop/Simple-CRUD-API/src/data.js","statementMap":{"0":{"start":{"line":1,"column":16},"end":{"line":1,"column":18}},"1":{"start":{"line":2,"column":0},"end":{"line":2,"column":24}}},"fnMap":{},"branchMap":{},"s":{"0":1,"1":1},"f":{},"b":{},"_coverageSchema":"1a1c01bbd47fc00a2c39e90264f33305004495a9","hash":"73a10cc5995f9b4edb49fda3f7782a9488b1441d"}
,"/Users/mikitausaty/Desktop/Simple-CRUD-API/src/statusCodes.js": {"path":"/Users/mikitausaty/Desktop/Simple-CRUD-API/src/statusCodes.js","statementMap":{"0":{"start":{"line":1,"column":20},"end":{"line":7,"column":1}},"1":{"start":{"line":9,"column":0},"end":{"line":9,"column":28}}},"fnMap":{},"branchMap":{},"s":{"0":1,"1":1},"f":{},"b":{},"_coverageSchema":"1a1c01bbd47fc00a2c39e90264f33305004495a9","hash":"86f9a7ae30a71511233467c2c36eaed174a7cb6a"}
,"/Users/mikitausaty/Desktop/Simple-CRUD-API/src/utils.js": {"path":"/Users/mikitausaty/Desktop/Simple-CRUD-API/src/utils.js","statementMap":{"0":{"start":{"line":2,"column":2},"end":{"line":18,"column":4}},"1":{"start":{"line":3,"column":4},"end":{"line":17,"column":5}},"2":{"start":{"line":4,"column":17},"end":{"line":4,"column":19}},"3":{"start":{"line":6,"column":6},"end":{"line":9,"column":8}},"4":{"start":{"line":8,"column":8},"end":{"line":8,"column":32}},"5":{"start":{"line":11,"column":6},"end":{"line":14,"column":8}},"6":{"start":{"line":13,"column":8},"end":{"line":13,"column":21}},"7":{"start":{"line":16,"column":6},"end":{"line":16,"column":19}},"8":{"start":{"line":20,"column":0},"end":{"line":20,"column":31}}},"fnMap":{"0":{"name":"getReqData","decl":{"start":{"line":1,"column":9},"end":{"line":1,"column":19}},"loc":{"start":{"line":1,"column":25},"end":{"line":19,"column":1}},"line":1},"1":{"name":"(anonymous_1)","decl":{"start":{"line":2,"column":21},"end":{"line":2,"column":22}},"loc":{"start":{"line":2,"column":42},"end":{"line":18,"column":3}},"line":2},"2":{"name":"(anonymous_2)","decl":{"start":{"line":6,"column":21},"end":{"line":6,"column":22}},"loc":{"start":{"line":6,"column":32},"end":{"line":9,"column":7}},"line":6},"3":{"name":"(anonymous_3)","decl":{"start":{"line":11,"column":20},"end":{"line":11,"column":21}},"loc":{"start":{"line":11,"column":26},"end":{"line":14,"column":7}},"line":11}},"branchMap":{},"s":{"0":0,"1":0,"2":0,"3":0,"4":0,"5":0,"6":0,"7":0,"8":1},"f":{"0":0,"1":0,"2":0,"3":0},"b":{},"_coverageSchema":"1a1c01bbd47fc00a2c39e90264f33305004495a9","hash":"7c91f278316e516a740cfe00b0356822d9eddf1c"}
}
